
2017.10.07 15:56:54
	 content:长度不能小于 0。
参数名: length
	 来自以上站点的 用户操作
--------------------------------------------------------------------------------------------------
2017.10.07 15:59:19
	 content:虽然类型“TestController”的方法“TestFileUpload”不是一种异步方法，但它返回了一个 Task 实例。
	 来自以上站点的 用户操作
--------------------------------------------------------------------------------------------------
2017.10.07 16:13:50
	 content:未能找到文件“C:\Users\LF\Desktop\ZhaoFa\LS.ZhaoFa\LS.ZhaoFa\SayPlaces\SayPic\SayPicTemp\BodyPart_31d14103-91e9-4d23-8438-490639d19cdd”。
	 来自以上站点的 用户操作
--------------------------------------------------------------------------------------------------
2017.10.07 16:16:49
	 content:未能找到文件“C:\Users\LF\Desktop\ZhaoFa\LS.ZhaoFa\LS.ZhaoFa\SayPlaces\SayPic\SayPicTemp\BodyPart_c9e2ee4e-01af-4b6a-baaa-a73b8e1d527d”。
	 来自以上站点的 用户操作
--------------------------------------------------------------------------------------------------
2017.10.07 16:27:10
	 content:处理 HTTP 请求导致了异常。请参见此异常的 "Response" 属性返回的 HTTP 响应，以了解详细信息。
	 来自以上站点的 用户操作
--------------------------------------------------------------------------------------------------
2017.10.07 16:27:40
	 content:处理 HTTP 请求导致了异常。请参见此异常的 "Response" 属性返回的 HTTP 响应，以了解详细信息。
	 来自以上站点的 用户操作
--------------------------------------------------------------------------------------------------
2017.10.07 16:28:11
	 content:处理 HTTP 请求导致了异常。请参见此异常的 "Response" 属性返回的 HTTP 响应，以了解详细信息。
	 来自以上站点的 用户操作
--------------------------------------------------------------------------------------------------
2017.10.07 16:28:24
	 content:处理 HTTP 请求导致了异常。请参见此异常的 "Response" 属性返回的 HTTP 响应，以了解详细信息。
	 来自以上站点的 用户操作
--------------------------------------------------------------------------------------------------