
2017.09.30 13:59:22
	 content:测试错误
	 来自以上站点的 用户操作
--------------------------------------------------------------------------------------------------
2017.09.30 14:32:26
	 content:测试错误
	 来自以上站点的 用户操作
--------------------------------------------------------------------------------------------------
2017.09.30 14:33:09
	 content:验证错误ValidateException测试
	 来自以上站点的 用户操作
--------------------------------------------------------------------------------------------------
2017.09.30 14:40:18
	 content:测试错误
	 来自以上站点的 用户操作
--------------------------------------------------------------------------------------------------
2017.09.30 14:41:44
	 content:验证错误ValidateException测试
	 来自以上站点的 用户操作
--------------------------------------------------------------------------------------------------
2017.09.30 14:43:21
	 content:测试错误
	 来自以上站点的 用户操作
--------------------------------------------------------------------------------------------------
2017.09.30 14:43:38
	 content:验证错误ValidateException测试
	 来自以上站点的 用户操作
--------------------------------------------------------------------------------------------------
2017.09.30 15:24:34
	 content:对一个或多个实体的验证失败。有关详细信息，请参阅“EntityValidationErrors”属性。
	 来自以上站点的 用户操作
--------------------------------------------------------------------------------------------------
2017.09.30 15:25:45
	 content:对一个或多个实体的验证失败。有关详细信息，请参阅“EntityValidationErrors”属性。
	 来自以上站点的 用户操作
--------------------------------------------------------------------------------------------------
2017.09.30 15:32:29
	 content:已取消该操作。
	 来自以上站点的 用户操作
--------------------------------------------------------------------------------------------------